<?xml version="1.0" encoding="UTF-8"?>
<!-- Generated by org.testng.reporters.JUnitReportReporter -->
<testsuite hostname="RakeshPC" name="com.M51.NewTest" tests="1" failures="0" timestamp="23 Jan 2018 18:11:53 GMT" time="34.840" errors="0">
  <testcase name="Flight" time="34.840" classname="com.M51.NewTest"/>
</testsuite> <!-- com.M51.NewTest -->
