<?xml version="1.0" encoding="UTF-8"?>
<!-- Generated by org.testng.reporters.JUnitReportReporter -->
<testsuite hostname="RakeshPC" name="com.M52.Test.NewTest" tests="1" failures="0" timestamp="27 Jan 2018 07:07:19 GMT" time="41.870" errors="0">
  <testcase name="Flight" time="41.870" classname="com.M52.Test.NewTest"/>
</testsuite> <!-- com.M52.Test.NewTest -->
