<?xml version="1.0" encoding="UTF-8"?>
<!-- Generated by org.testng.reporters.JUnitReportReporter -->
<testsuite hostname="RakeshPC" name="com.M52.Test.NewTest" tests="1" failures="0" timestamp="26 Jan 2018 12:58:19 GMT" time="37.857" errors="0">
  <testcase name="Flight" time="37.857" classname="com.M52.Test.NewTest"/>
</testsuite> <!-- com.M52.Test.NewTest -->
