<?xml version="1.0" encoding="UTF-8"?>
<!-- Generated by org.testng.reporters.JUnitReportReporter -->
<testsuite hostname="RakeshPC" name="com.M61.NewTest" tests="3" failures="0" timestamp="26 Jan 2018 13:43:09 GMT" time="7.983" errors="0">
  <testcase name="TestResponseHeader" time="0.969" classname="com.M61.NewTest"/>
  <testcase name="TestResponseContent" time="6.105" classname="com.M61.NewTest"/>
  <testcase name="TestUsers" time="0.909" classname="com.M61.NewTest"/>
</testsuite> <!-- com.M61.NewTest -->
