<?xml version="1.0" encoding="UTF-8"?>
<!-- Generated by org.testng.reporters.JUnitReportReporter -->
<testsuite hostname="RakeshPC" name="com.M51.NewTest" tests="1" failures="0" timestamp="26 Jan 2018 06:53:07 GMT" time="39.935" errors="0">
  <testcase name="Flight" time="39.935" classname="com.M51.NewTest"/>
</testsuite> <!-- com.M51.NewTest -->
